<?xml version="1.0" encoding="UTF-8"?>
<testsuite xmlns:xsi="http://www.w3.org/2001/XMLSchema-instance" xsi:noNamespaceSchemaLocation="https://maven.apache.org/surefire/maven-surefire-plugin/xsd/surefire-test-report-3.0.xsd" version="3.0" name="com.runapp.guildservice.controller.TeamControllerTest" time="0.417" tests="9" errors="0" skipped="0" failures="0">
  <properties>
[...]
</properties>
  <testcase name="testCreateTeamWhenInvalidRequestThenBadRequest" classname="com.runapp.guildservice.controller.TeamControllerTest" time="0.197">
    <system-out><![CDATA[2023-12-05T19:04:38.112+01:00  INFO 21603 --- [           main] o.s.mock.web.MockServletContext          : Initializing Spring TestDispatcherServlet ''
2023-12-05T19:04:38.112+01:00  INFO 21603 --- [           main] o.s.t.web.servlet.TestDispatcherServlet  : Initializing Servlet ''
2023-12-05T19:04:38.113+01:00  INFO 21603 --- [           main] o.s.t.web.servlet.TestDispatcherServlet  : Completed initialization in 0 ms
]]></system-out>
  </testcase>
  <testcase name="testUpdateTeamWhenNonIntegerIdThenReturnBadRequest" classname="com.runapp.guildservice.controller.TeamControllerTest" time="0.023">
    <system-out><![CDATA[2023-12-05T19:04:38.152+01:00  INFO 21603 --- [           main] o.s.mock.web.MockServletContext          : Initializing Spring TestDispatcherServlet ''
2023-12-05T19:04:38.152+01:00  INFO 21603 --- [           main] o.s.t.web.servlet.TestDispatcherServlet  : Initializing Servlet ''
2023-12-05T19:04:38.152+01:00  INFO 21603 --- [           main] o.s.t.web.servlet.TestDispatcherServlet  : Completed initialization in 0 ms
2023-12-05T19:04:38.162+01:00  WARN 21603 --- [           main] .w.s.m.s.DefaultHandlerExceptionResolver : Resolved [org.springframework.web.method.annotation.MethodArgumentTypeMismatchException: Failed to convert value of type 'java.lang.String' to required type 'int'; For input string: "invalid"]
]]></system-out>
  </testcase>
  <testcase name="testUpdateTeamWhenInvalidRequestThenBadRequest" classname="com.runapp.guildservice.controller.TeamControllerTest" time="0.03">
    <system-out><![CDATA[2023-12-05T19:04:38.176+01:00  INFO 21603 --- [           main] o.s.mock.web.MockServletContext          : Initializing Spring TestDispatcherServlet ''
2023-12-05T19:04:38.177+01:00  INFO 21603 --- [           main] o.s.t.web.servlet.TestDispatcherServlet  : Initializing Servlet ''
2023-12-05T19:04:38.177+01:00  INFO 21603 --- [           main] o.s.t.web.servlet.TestDispatcherServlet  : Completed initialization in 0 ms
]]></system-out>
  </testcase>
  <testcase name="testUpdateTeamWhenValidationErrorsThenReturnBadRequest" classname="com.runapp.guildservice.controller.TeamControllerTest" time="0.03">
    <system-out><![CDATA[2023-12-05T19:04:38.210+01:00  INFO 21603 --- [           main] o.s.mock.web.MockServletContext          : Initializing Spring TestDispatcherServlet ''
2023-12-05T19:04:38.211+01:00  INFO 21603 --- [           main] o.s.t.web.servlet.TestDispatcherServlet  : Initializing Servlet ''
2023-12-05T19:04:38.211+01:00  INFO 21603 --- [           main] o.s.t.web.servlet.TestDispatcherServlet  : Completed initialization in 0 ms
]]></system-out>
  </testcase>
  <testcase name="testGetTeamByIdWhenTeamNotFoundThenReturnNotFound" classname="com.runapp.guildservice.controller.TeamControllerTest" time="0.029">
    <system-out><![CDATA[2023-12-05T19:04:38.245+01:00  INFO 21603 --- [           main] o.s.mock.web.MockServletContext          : Initializing Spring TestDispatcherServlet ''
2023-12-05T19:04:38.245+01:00  INFO 21603 --- [           main] o.s.t.web.servlet.TestDispatcherServlet  : Initializing Servlet ''
2023-12-05T19:04:38.245+01:00  INFO 21603 --- [           main] o.s.t.web.servlet.TestDispatcherServlet  : Completed initialization in 0 ms
]]></system-out>
  </testcase>
  <testcase name="testGetTeamByIdWhenTeamFoundThenReturnTeamResponse" classname="com.runapp.guildservice.controller.TeamControllerTest" time="0.035">
    <system-out><![CDATA[2023-12-05T19:04:38.273+01:00  INFO 21603 --- [           main] o.s.mock.web.MockServletContext          : Initializing Spring TestDispatcherServlet ''
2023-12-05T19:04:38.273+01:00  INFO 21603 --- [           main] o.s.t.web.servlet.TestDispatcherServlet  : Initializing Servlet ''
2023-12-05T19:04:38.274+01:00  INFO 21603 --- [           main] o.s.t.web.servlet.TestDispatcherServlet  : Completed initialization in 0 ms
]]></system-out>
  </testcase>
  <testcase name="testGetTeamByIdWhenInvalidIdThenReturnBadRequest" classname="com.runapp.guildservice.controller.TeamControllerTest" time="0.017">
    <system-out><![CDATA[2023-12-05T19:04:38.309+01:00  INFO 21603 --- [           main] o.s.mock.web.MockServletContext          : Initializing Spring TestDispatcherServlet ''
2023-12-05T19:04:38.309+01:00  INFO 21603 --- [           main] o.s.t.web.servlet.TestDispatcherServlet  : Initializing Servlet ''
2023-12-05T19:04:38.310+01:00  INFO 21603 --- [           main] o.s.t.web.servlet.TestDispatcherServlet  : Completed initialization in 0 ms
2023-12-05T19:04:38.312+01:00  WARN 21603 --- [           main] .w.s.m.s.DefaultHandlerExceptionResolver : Resolved [org.springframework.web.method.annotation.MethodArgumentTypeMismatchException: Failed to convert value of type 'java.lang.String' to required type 'int'; For input string: "invalid"]
]]></system-out>
  </testcase>
  <testcase name="testGetAllTeamsWhenValidParametersThenSuccess" classname="com.runapp.guildservice.controller.TeamControllerTest" time="0.02">
    <system-out><![CDATA[2023-12-05T19:04:38.326+01:00  INFO 21603 --- [           main] o.s.mock.web.MockServletContext          : Initializing Spring TestDispatcherServlet ''
2023-12-05T19:04:38.326+01:00  INFO 21603 --- [           main] o.s.t.web.servlet.TestDispatcherServlet  : Initializing Servlet ''
2023-12-05T19:04:38.326+01:00  INFO 21603 --- [           main] o.s.t.web.servlet.TestDispatcherServlet  : Completed initialization in 0 ms
]]></system-out>
  </testcase>
  <testcase name="testDeleteTeamWhenTeamExistsThenTeamDeleted" classname="com.runapp.guildservice.controller.TeamControllerTest" time="0.014">
    <system-out><![CDATA[2023-12-05T19:04:38.348+01:00  INFO 21603 --- [           main] o.s.mock.web.MockServletContext          : Initializing Spring TestDispatcherServlet ''
2023-12-05T19:04:38.348+01:00  INFO 21603 --- [           main] o.s.t.web.servlet.TestDispatcherServlet  : Initializing Servlet ''
2023-12-05T19:04:38.348+01:00  INFO 21603 --- [           main] o.s.t.web.servlet.TestDispatcherServlet  : Completed initialization in 0 ms
]]></system-out>
  </testcase>
</testsuite>